#! /usr/local/bin/vvp
:ivl_version "12.0 (stable)";
:ivl_delay_selection "TYPICAL";
:vpi_time_precision + 0;
:vpi_module "/usr/local/lib/ivl/system.vpi";
:vpi_module "/usr/local/lib/ivl/vhdl_sys.vpi";
:vpi_module "/usr/local/lib/ivl/vhdl_textio.vpi";
:vpi_module "/usr/local/lib/ivl/v2005_math.vpi";
:vpi_module "/usr/local/lib/ivl/va_math.vpi";
:vpi_module "/usr/local/lib/ivl/v2009.vpi";
S_0xdd9c70 .scope package, "$unit" "$unit" 2 1;
 .timescale 0 0;
S_0xdd9e00 .scope module, "tb_LFSR" "tb_LFSR" 3 2;
 .timescale 0 0;
v0xded110_0 .var "clk", 0 0;
v0xded1e0_0 .net "lfsr", 3 0, v0xdecee0_0;  1 drivers
v0xded2b0_0 .var "rst_n", 0 0;
S_0xdb4580 .scope module, "uut" "LFSR" 3 8, 4 1 0, S_0xdd9e00;
 .timescale 0 0;
    .port_info 0 /INPUT 1 "clk";
    .port_info 1 /INPUT 1 "rst_n";
    .port_info 2 /OUTPUT 4 "lfsr";
v0xdda6e0_0 .net "clk", 0 0, v0xded110_0;  1 drivers
v0xdecee0_0 .var "lfsr", 3 0;
v0xdecfc0_0 .net "rst_n", 0 0, v0xded2b0_0;  1 drivers
E_0xdb47b0/0 .event negedge, v0xdecfc0_0;
E_0xdb47b0/1 .event posedge, v0xdda6e0_0;
E_0xdb47b0 .event/or E_0xdb47b0/0, E_0xdb47b0/1;
    .scope S_0xdb4580;
T_0 ;
    %pushi/vec4 1, 0, 4;
    %store/vec4 v0xdecee0_0, 0, 4;
    %end;
    .thread T_0;
    .scope S_0xdb4580;
T_1 ;
    %wait E_0xdb47b0;
    %load/vec4 v0xdecfc0_0;
    %nor/r;
    %flag_set/vec4 8;
    %jmp/0xz  T_1.0, 8;
    %pushi/vec4 1, 0, 4;
    %assign/vec4 v0xdecee0_0, 0;
    %jmp T_1.1;
T_1.0 ;
    %load/vec4 v0xdecee0_0;
    %parti/s 3, 0, 2;
    %load/vec4 v0xdecee0_0;
    %parti/s 1, 3, 3;
    %load/vec4 v0xdecee0_0;
    %parti/s 1, 0, 2;
    %xor;
    %concat/vec4; draw_concat_vec4
    %assign/vec4 v0xdecee0_0, 0;
T_1.1 ;
    %jmp T_1;
    .thread T_1;
    .scope S_0xdd9e00;
T_2 ;
    %pushi/vec4 0, 0, 1;
    %store/vec4 v0xded110_0, 0, 1;
T_2.0 ;
    %delay 5, 0;
    %load/vec4 v0xded110_0;
    %inv;
    %store/vec4 v0xded110_0, 0, 1;
    %jmp T_2.0;
    %end;
    .thread T_2;
    .scope S_0xdd9e00;
T_3 ;
    %vpi_call/w 3 23 "$dumpfile", "lfsr_dump.vcd" {0 0 0};
    %vpi_call/w 3 24 "$dumpvars", 32'sb00000000000000000000000000000000, S_0xdd9e00 {0 0 0};
    %pushi/vec4 0, 0, 1;
    %store/vec4 v0xded2b0_0, 0, 1;
    %delay 10, 0;
    %pushi/vec4 1, 0, 1;
    %store/vec4 v0xded2b0_0, 0, 1;
    %delay 100, 0;
    %vpi_call/w 3 35 "$finish" {0 0 0};
    %end;
    .thread T_3;
    .scope S_0xdd9e00;
T_4 ;
    %vpi_call/w 3 40 "$monitor", "Tempo = %0t | LFSR = %b", $time, v0xded1e0_0 {0 0 0};
    %end;
    .thread T_4;
# The file index is used to find the file name in the following table.
:file_names 5;
    "N/A";
    "<interactive>";
    "-";
    "testbench.sv";
    "design.sv";
